
[ERROR]: Occured at profileModule:getUserProfile 
 12/1/2025, 1:32:58 pm - Table 'u' was not locked with LOCK TABLES
[ERROR]: Occured at profileModule:getUserProfile 
 12/1/2025, 1:33:34 pm - Table 'u' was not locked with LOCK TABLES
[ERROR]: Occured at profileModule:getUserProfile 
 12/1/2025, 1:35:01 pm - Table 'u' was not locked with LOCK TABLES
[ERROR]: Occured at profileModule:getUserProfile 
 12/1/2025, 1:35:51 pm - Table 'u' was not locked with LOCK TABLES
[ERROR]: Occured at profileModule:getUserProfile 
 12/1/2025, 1:36:25 pm - Table 'u' was not locked with LOCK TABLES
[ERROR]: Occured at profileModule:getUserProfile 
 12/1/2025, 1:36:35 pm - Table 'u' was not locked with LOCK TABLES
[ERROR]: Occured at profileModule:getUserProfile 
 12/1/2025, 1:38:26 pm - Table 'u' was not locked with LOCK TABLES
[ERROR]: Occured at profileModule:getUserProfile 
 12/1/2025, 1:39:50 pm - Table 'u' was not locked with LOCK TABLES
[ERROR]: Occured at profileModule:getUserProfile 
 12/1/2025, 1:40:07 pm - Table 'u' was not locked with LOCK TABLES
[ERROR]: Occured at profileModule:getUserProfile 
 12/1/2025, 1:40:09 pm - Table 'u' was not locked with LOCK TABLES
[ERROR]: Occured at profileModule:getUserProfile 
 12/1/2025, 1:41:00 pm - Unknown column 'u.userID' in 'field list'
[ERROR]: Occured at profileModule:getUserProfile 
 12/1/2025, 1:41:01 pm - Unknown column 'u.userID' in 'field list'
[ERROR]: Occured at isUserExistsByUserID 
 12/1/2025, 9:09:35 pm - Unknown column 'NaN' in 'where clause'
[ERROR]: Occured at profileModule:editProfile 
 12/1/2025, 9:09:35 pm - Database query failed.
[ERROR]: Occured at profileModule:editProfile 
 12/1/2025, 9:11:15 pm - Cannot set properties of undefined (setting 'updatedAt')
[ERROR]: Occured at profileModule:editProfile 
 12/1/2025, 9:12:56 pm - You have an error in your SQL syntax; check the manual that corresponds to your MySQL server version for the right syntax to use near 'NULL WHERE userID = 5' at line 1
[ERROR]: Occured at profileModule:editProfile 
 12/1/2025, 9:13:24 pm - You have an error in your SQL syntax; check the manual that corresponds to your MySQL server version for the right syntax to use near 'NULL WHERE userID = 5' at line 1
[ERROR]: Occured at profileModule:editProfile 
 12/1/2025, 9:16:54 pm - Cannot read properties of undefined (reading 'userEmail')
[ERROR]: Occured at profileModule:editProfile 
 12/1/2025, 9:19:00 pm - Cannot read properties of undefined (reading 'userEmail')
[ERROR]: Occured at profileModule:editProfile 
 12/1/2025, 9:20:20 pm - You have an error in your SQL syntax; check the manual that corresponds to your MySQL server version for the right syntax to use near ''userEmail', 'userName', 'rollNumber', 'phoneNumber', 'collegeName', 'collegeCit' at line 1
[ERROR]: Occured at profileModule:editProfile 
 12/1/2025, 9:28:02 pm - result is not defined
